<?xml version="1.0" encoding="UTF-8"?>
<testng-results ignored="0" total="1" passed="1" failed="0" skipped="0">
  <reporter-output>
  </reporter-output>
  <suite started-at="2022-04-05T17:00:22Z" name="Default suite" finished-at="2022-04-05T17:00:23Z" duration-ms="896">
    <groups>
      <group name="cucumber">
        <method signature="AbstractTestNGCucumberTests.runScenario(io.cucumber.testng.PickleWrapper, io.cucumber.testng.FeatureWrapper)[pri:0, instance:com.testrunner.secondtestrunner@3688eb5b]" name="runScenario" class="io.cucumber.testng.AbstractTestNGCucumberTests"/>
      </group> <!-- cucumber -->
    </groups>
    <test started-at="2022-04-05T17:00:22Z" name="Default test" finished-at="2022-04-05T17:00:23Z" duration-ms="896">
      <class name="com.testrunner.secondtestrunner">
        <test-method is-config="true" signature="setUpClass()[pri:0, instance:com.testrunner.secondtestrunner@3688eb5b]" started-at="2022-04-05T17:00:22Z" name="setUpClass" finished-at="2022-04-05T17:00:23Z" duration-ms="515" status="PASS">
          <reporter-output>
          </reporter-output>
        </test-method> <!-- setUpClass -->
        <test-method signature="runScenario(io.cucumber.testng.PickleWrapper, io.cucumber.testng.FeatureWrapper)[pri:0, instance:com.testrunner.secondtestrunner@3688eb5b]" started-at="2022-04-05T17:00:23Z" name="runScenario" description="Runs Cucumber Scenarios" data-provider="scenarios" finished-at="2022-04-05T17:00:23Z" duration-ms="314" status="PASS">
          <params>
            <param index="0">
              <value>
                <![CDATA["positive scenario for search field"]]>
              </value>
            </param>
            <param index="1">
              <value>
                <![CDATA["Optional[search field testing]"]]>
              </value>
            </param>
          </params>
          <reporter-output>
          </reporter-output>
        </test-method> <!-- runScenario -->
        <test-method is-config="true" signature="tearDownClass()[pri:0, instance:com.testrunner.secondtestrunner@3688eb5b]" started-at="2022-04-05T17:00:23Z" name="tearDownClass" finished-at="2022-04-05T17:00:23Z" duration-ms="21" status="PASS">
          <reporter-output>
          </reporter-output>
        </test-method> <!-- tearDownClass -->
      </class> <!-- com.testrunner.secondtestrunner -->
    </test> <!-- Default test -->
  </suite> <!-- Default suite -->
</testng-results>
