<?xml version="1.0" encoding="UTF-8"?>
<testng-results ignored="0" total="1" passed="1" failed="0" skipped="0">
  <reporter-output>
  </reporter-output>
  <suite started-at="2022-04-12T15:21:21Z" name="Default suite" finished-at="2022-04-12T15:21:37Z" duration-ms="15394">
    <groups>
    </groups>
    <test started-at="2022-04-12T15:21:21Z" name="Default test" finished-at="2022-04-12T15:21:37Z" duration-ms="15394">
      <class name="com.practice.CrossBrowserTesting">
        <test-method is-config="true" signature="getbrowser(java.lang.String)[pri:0, instance:com.practice.CrossBrowserTesting@119cbf96]" started-at="2022-04-12T15:21:21Z" name="getbrowser" finished-at="2022-04-12T15:21:34Z" duration-ms="12581" status="PASS">
          <params>
            <param index="0">
              <value>
                <![CDATA[firefox]]>
              </value>
            </param>
          </params>
          <reporter-output>
          </reporter-output>
        </test-method> <!-- getbrowser -->
        <test-method signature="actualTest()[pri:0, instance:com.practice.CrossBrowserTesting@119cbf96]" started-at="2022-04-12T15:21:34Z" name="actualTest" finished-at="2022-04-12T15:21:34Z" duration-ms="17" status="PASS">
          <reporter-output>
          </reporter-output>
        </test-method> <!-- actualTest -->
        <test-method is-config="true" signature="tearDown()[pri:0, instance:com.practice.CrossBrowserTesting@119cbf96]" started-at="2022-04-12T15:21:34Z" name="tearDown" finished-at="2022-04-12T15:21:37Z" duration-ms="2766" status="PASS">
          <reporter-output>
          </reporter-output>
        </test-method> <!-- tearDown -->
      </class> <!-- com.practice.CrossBrowserTesting -->
    </test> <!-- Default test -->
  </suite> <!-- Default suite -->
</testng-results>
